Build started 02/03/2017 16:20:04.
     1>Project "C:\Users\Aviad\Documents\Visual Studio 2013\Projects\TheaterNetwork\TheaterNetwork\TheaterNetwork.vcxproj" on node 2 (Build target(s)).
     1>ClCompile:
         C:\Program Files (x86)\Microsoft Visual Studio 12.0\VC\bin\CL.exe /c /ZI /nologo /W3 /WX- /sdl /Od /Oy- /D WIN32 /D _DEBUG /D _CONSOLE /D _LIB /D _UNICODE /D UNICODE /Gm /EHsc /RTC1 /MDd /GS /fp:precise /Zc:wchar_t /Zc:forScope /Yu"stdafx.h" /Fp"Debug\TheaterNetwork.pch" /Fo"Debug\\" /Fd"Debug\vc120.pdb" /Gd /TP /analyze- /errorReport:prompt UI.cpp
         UI.cpp
     1>c:\users\aviad\documents\visual studio 2013\projects\theaternetwork\theaternetwork\ui.cpp(242): warning C4101: 'e' : unreferenced local variable
     1>c:\users\aviad\documents\visual studio 2013\projects\theaternetwork\theaternetwork\ui.cpp(279): warning C4101: 'e' : unreferenced local variable
     1>c:\users\aviad\documents\visual studio 2013\projects\theaternetwork\theaternetwork\ui.cpp(325): warning C4101: 'e' : unreferenced local variable
     1>c:\users\aviad\documents\visual studio 2013\projects\theaternetwork\theaternetwork\ui.cpp(335): warning C4101: 'e' : unreferenced local variable
     1>c:\users\aviad\documents\visual studio 2013\projects\theaternetwork\theaternetwork\ui.cpp(352): warning C4101: 'flag' : unreferenced local variable
     1>c:\users\aviad\documents\visual studio 2013\projects\theaternetwork\theaternetwork\ui.cpp(375): warning C4101: 'e' : unreferenced local variable
     1>c:\users\aviad\documents\visual studio 2013\projects\theaternetwork\theaternetwork\ui.cpp(393): warning C4101: 'e' : unreferenced local variable
       Link:
         C:\Program Files (x86)\Microsoft Visual Studio 12.0\VC\bin\link.exe /ERRORREPORT:PROMPT /OUT:"C:\Users\Aviad\Documents\Visual Studio 2013\Projects\TheaterNetwork\Debug\TheaterNetwork.exe" /INCREMENTAL /NOLOGO kernel32.lib user32.lib gdi32.lib winspool.lib comdlg32.lib advapi32.lib shell32.lib ole32.lib oleaut32.lib uuid.lib odbc32.lib odbccp32.lib /MANIFEST /MANIFESTUAC:"level='asInvoker' uiAccess='false'" /manifest:embed /DEBUG /PDB:"C:\Users\Aviad\Documents\Visual Studio 2013\Projects\TheaterNetwork\Debug\TheaterNetwork.pdb" /SUBSYSTEM:CONSOLE /TLBID:1 /DYNAMICBASE /NXCOMPAT /IMPLIB:"C:\Users\Aviad\Documents\Visual Studio 2013\Projects\TheaterNetwork\Debug\TheaterNetwork.lib" /MACHINE:X86 Debug\Business_Client.obj
         Debug\Client.obj
         Debug\elementList.obj
         Debug\Employee.obj
         Debug\HorrorMovie.obj
         Debug\KidsMovie.obj
         Debug\Manager.obj
         Debug\Movie.obj
         Debug\Movie_Interface.obj
         Debug\Private_Client.obj
         Debug\RegularEmployee.obj
         Debug\Screening.obj
         Debug\Screening_Room.obj
         Debug\stdafx.obj
         Debug\Theater.obj
         Debug\TheaterNetwork.obj
         Debug\UI.obj
         TheaterNetwork.vcxproj -> C:\Users\Aviad\Documents\Visual Studio 2013\Projects\TheaterNetwork\Debug\TheaterNetwork.exe
     1>Done Building Project "C:\Users\Aviad\Documents\Visual Studio 2013\Projects\TheaterNetwork\TheaterNetwork\TheaterNetwork.vcxproj" (Build target(s)).

Build succeeded.

Time Elapsed 00:00:00.92
